[08-Feb-2026 21:42:37 Asia/Kolkata] PHP Fatal error:  Uncaught TypeError: Cannot access offset of type string on string in C:\xampp\htdocs\job-finder\includes\header.php:124
Stack trace:
#0 C:\xampp\htdocs\job-finder\user\browse_jobs.php(65): require_once()
#1 {main}
  thrown in C:\xampp\htdocs\job-finder\includes\header.php on line 124
[08-Feb-2026 21:42:39 Asia/Kolkata] PHP Fatal error:  Uncaught TypeError: Cannot access offset of type string on string in C:\xampp\htdocs\job-finder\includes\header.php:124
Stack trace:
#0 C:\xampp\htdocs\job-finder\user\browse_jobs.php(65): require_once()
#1 {main}
  thrown in C:\xampp\htdocs\job-finder\includes\header.php on line 124
[08-Feb-2026 21:42:40 Asia/Kolkata] PHP Fatal error:  Uncaught TypeError: Cannot access offset of type string on string in C:\xampp\htdocs\job-finder\includes\header.php:124
Stack trace:
#0 C:\xampp\htdocs\job-finder\user\browse_jobs.php(65): require_once()
#1 {main}
  thrown in C:\xampp\htdocs\job-finder\includes\header.php on line 124
[08-Feb-2026 21:42:43 Asia/Kolkata] PHP Fatal error:  Uncaught TypeError: Cannot access offset of type string on string in C:\xampp\htdocs\job-finder\includes\header.php:124
Stack trace:
#0 C:\xampp\htdocs\job-finder\user\my_applications.php(3): require_once()
#1 {main}
  thrown in C:\xampp\htdocs\job-finder\includes\header.php on line 124
[08-Feb-2026 21:42:45 Asia/Kolkata] PHP Fatal error:  Uncaught TypeError: Cannot access offset of type string on string in C:\xampp\htdocs\job-finder\includes\header.php:124
Stack trace:
#0 C:\xampp\htdocs\job-finder\user\my_applications.php(3): require_once()
#1 {main}
  thrown in C:\xampp\htdocs\job-finder\includes\header.php on line 124
[08-Feb-2026 21:42:46 Asia/Kolkata] PHP Fatal error:  Uncaught TypeError: Cannot access offset of type string on string in C:\xampp\htdocs\job-finder\includes\header.php:124
Stack trace:
#0 C:\xampp\htdocs\job-finder\user\browse_jobs.php(65): require_once()
#1 {main}
  thrown in C:\xampp\htdocs\job-finder\includes\header.php on line 124
[08-Feb-2026 21:42:47 Asia/Kolkata] PHP Fatal error:  Uncaught TypeError: Cannot access offset of type string on string in C:\xampp\htdocs\job-finder\includes\header.php:124
Stack trace:
#0 C:\xampp\htdocs\job-finder\user\dashboard.php(41): require_once()
#1 {main}
  thrown in C:\xampp\htdocs\job-finder\includes\header.php on line 124
[08-Feb-2026 21:45:04 Asia/Kolkata] PHP Fatal error:  Uncaught TypeError: Cannot access offset of type string on string in C:\xampp\htdocs\job-finder\includes\header.php:124
Stack trace:
#0 C:\xampp\htdocs\job-finder\user\dashboard.php(41): require_once()
#1 {main}
  thrown in C:\xampp\htdocs\job-finder\includes\header.php on line 124
[08-Feb-2026 21:45:06 Asia/Kolkata] PHP Fatal error:  Uncaught TypeError: Cannot access offset of type string on string in C:\xampp\htdocs\job-finder\includes\header.php:124
Stack trace:
#0 C:\xampp\htdocs\job-finder\user\dashboard.php(41): require_once()
#1 {main}
  thrown in C:\xampp\htdocs\job-finder\includes\header.php on line 124
